# JRE version: OpenJDK Runtime Environment (11.0.13) (build 11.0.13+0-b1751.21-8125866)
# Java VM: OpenJDK 64-Bit Server VM (11.0.13+0-b1751.21-8125866, mixed mode, tiered, compressed oops, g1 gc, windows-amd64)
Heap:
 garbage-first heap   total 312320K, used 24600K [0x0000000702000000, 0x0000000800000000)
  region size 1024K, 6 young (6144K), 6 survivors (6144K)
 Metaspace       used 44071K, capacity 44555K, committed 44720K, reserved 1089536K
  class space    used 5234K, capacity 5439K, committed 5552K, reserved 1048576K
GC Heap History (9 events):
Event: 0.383 GC heap before
{Heap before GC invocations=0 (full 0):
 garbage-first heap   total 260096K, used 27648K [0x0000000702000000, 0x0000000800000000)
  region size 1024K, 24 young (24576K), 0 survivors (0K)
 Metaspace       used 12514K, capacity 12689K, committed 12800K, reserved 1060864K
  class space    used 1129K, capacity 1182K, committed 1280K, reserved 1048576K
}
Event: 0.386 GC heap after
{Heap after GC invocations=1 (full 0):
 garbage-first heap   total 260096K, used 6442K [0x0000000702000000, 0x0000000800000000)
  region size 1024K, 3 young (3072K), 3 survivors (3072K)
 Metaspace       used 12514K, capacity 12689K, committed 12800K, reserved 1060864K
  class space    used 1129K, capacity 1182K, committed 1280K, reserved 1048576K
}
Event: 0.785 GC heap before
{Heap before GC invocations=1 (full 0):
 garbage-first heap   total 260096K, used 43306K [0x0000000702000000, 0x0000000800000000)
  region size 1024K, 40 young (40960K), 3 survivors (3072K)
 Metaspace       used 20981K, capacity 21199K, committed 21296K, reserved 1069056K
  class space    used 2211K, capacity 2305K, committed 2352K, reserved 1048576K
}
Event: 0.792 GC heap after
{Heap after GC invocations=2 (full 0):
 garbage-first heap   total 260096K, used 9817K [0x0000000702000000, 0x0000000800000000)
  region size 1024K, 7 young (7168K), 7 survivors (7168K)
 Metaspace       used 20981K, capacity 21199K, committed 21296K, reserved 1069056K
  class space    used 2211K, capacity 2305K, committed 2352K, reserved 1048576K
}
Event: 1.402 GC heap before
{Heap before GC invocations=3 (full 0):
 garbage-first heap   total 260096K, used 65113K [0x0000000702000000, 0x0000000800000000)
  region size 1024K, 56 young (57344K), 7 survivors (7168K)
 Metaspace       used 32475K, capacity 32864K, committed 32944K, reserved 1077248K
  class space    used 4041K, capacity 4211K, committed 4272K, reserved 1048576K
}
Event: 1.411 GC heap after
{Heap after GC invocations=4 (full 0):
 garbage-first heap   total 260096K, used 20711K [0x0000000702000000, 0x0000000800000000)
  region size 1024K, 7 young (7168K), 7 survivors (7168K)
 Metaspace       used 32475K, capacity 32864K, committed 32944K, reserved 1077248K
  class space    used 4041K, capacity 4211K, committed 4272K, reserved 1048576K
}
Event: 1.572 GC heap before
{Heap before GC invocations=4 (full 0):
 garbage-first heap   total 260096K, used 36071K [0x0000000702000000, 0x0000000800000000)
  region size 1024K, 23 young (23552K), 7 survivors (7168K)
 Metaspace       used 35378K, capacity 35755K, committed 35888K, reserved 1081344K
  class space    used 4357K, capacity 4535K, committed 4656K, reserved 1048576K
}
Event: 1.576 GC heap after
{Heap after GC invocations=5 (full 0):
 garbage-first heap   total 260096K, used 20711K [0x0000000702000000, 0x0000000800000000)
  region size 1024K, 9 young (9216K), 9 survivors (9216K)
 Metaspace       used 35378K, capacity 35755K, committed 35888K, reserved 1081344K
  class space    used 4357K, capacity 4535K, committed 4656K, reserved 1048576K
}
Event: 2.023 GC heap before
{Heap before GC invocations=6 (full 0):
 garbage-first heap   total 260096K, used 62695K [0x0000000702000000, 0x0000000800000000)
  region size 1024K, 50 young (51200K), 9 survivors (9216K)
 Metaspace       used 44071K, capacity 44555K, committed 44720K, reserved 1089536K
  class space    used 5234K, capacity 5439K, committed 5552K, reserved 1048576K
}

