# JRE version: OpenJDK Runtime Environment (11.0.13) (build 11.0.13+0-b1751.21-8125866)
# Java VM: OpenJDK 64-Bit Server VM (11.0.13+0-b1751.21-8125866, mixed mode, tiered, compressed oops, g1 gc, windows-amd64)
Heap:
 garbage-first heap   total 260096K, used 66138K [0x0000000702000000, 0x0000000800000000)
  region size 1024K, 55 young (56320K), 10 survivors (10240K)
 Metaspace       used 44934K, capacity 45452K, committed 45776K, reserved 1089536K
  class space    used 5345K, capacity 5549K, committed 5628K, reserved 1048576K
GC Heap History (8 events):
Event: 0.385 GC heap before
{Heap before GC invocations=0 (full 0):
 garbage-first heap   total 260096K, used 27648K [0x0000000702000000, 0x0000000800000000)
  region size 1024K, 24 young (24576K), 0 survivors (0K)
 Metaspace       used 12525K, capacity 12689K, committed 12800K, reserved 1060864K
  class space    used 1129K, capacity 1182K, committed 1280K, reserved 1048576K
}
Event: 0.387 GC heap after
{Heap after GC invocations=1 (full 0):
 garbage-first heap   total 260096K, used 6431K [0x0000000702000000, 0x0000000800000000)
  region size 1024K, 3 young (3072K), 3 survivors (3072K)
 Metaspace       used 12525K, capacity 12689K, committed 12800K, reserved 1060864K
  class space    used 1129K, capacity 1182K, committed 1280K, reserved 1048576K
}
Event: 0.782 GC heap before
{Heap before GC invocations=1 (full 0):
 garbage-first heap   total 260096K, used 42271K [0x0000000702000000, 0x0000000800000000)
  region size 1024K, 39 young (39936K), 3 survivors (3072K)
 Metaspace       used 20977K, capacity 21190K, committed 21248K, reserved 1069056K
  class space    used 2206K, capacity 2302K, committed 2304K, reserved 1048576K
}
Event: 0.790 GC heap after
{Heap after GC invocations=2 (full 0):
 garbage-first heap   total 260096K, used 9871K [0x0000000702000000, 0x0000000800000000)
  region size 1024K, 7 young (7168K), 7 survivors (7168K)
 Metaspace       used 20977K, capacity 21190K, committed 21248K, reserved 1069056K
  class space    used 2206K, capacity 2302K, committed 2304K, reserved 1048576K
}
Event: 1.327 GC heap before
{Heap before GC invocations=3 (full 0):
 garbage-first heap   total 260096K, used 64143K [0x0000000702000000, 0x0000000800000000)
  region size 1024K, 55 young (56320K), 7 survivors (7168K)
 Metaspace       used 32278K, capacity 32704K, committed 32892K, reserved 1077248K
  class space    used 4012K, capacity 4179K, committed 4220K, reserved 1048576K
}
Event: 1.334 GC heap after
{Heap after GC invocations=4 (full 0):
 garbage-first heap   total 260096K, used 20664K [0x0000000702000000, 0x0000000800000000)
  region size 1024K, 7 young (7168K), 7 survivors (7168K)
 Metaspace       used 32278K, capacity 32704K, committed 32892K, reserved 1077248K
  class space    used 4012K, capacity 4179K, committed 4220K, reserved 1048576K
}
Event: 1.494 GC heap before
{Heap before GC invocations=4 (full 0):
 garbage-first heap   total 260096K, used 37048K [0x0000000702000000, 0x0000000800000000)
  region size 1024K, 24 young (24576K), 7 survivors (7168K)
 Metaspace       used 35598K, capacity 35979K, committed 36048K, reserved 1081344K
  class space    used 4380K, capacity 4567K, committed 4604K, reserved 1048576K
}
Event: 1.499 GC heap after
{Heap after GC invocations=5 (full 0):
 garbage-first heap   total 260096K, used 21082K [0x0000000702000000, 0x0000000800000000)
  region size 1024K, 10 young (10240K), 10 survivors (10240K)
 Metaspace       used 35598K, capacity 35979K, committed 36048K, reserved 1081344K
  class space    used 4380K, capacity 4567K, committed 4604K, reserved 1048576K
}

