# JRE version: OpenJDK Runtime Environment (11.0.13) (build 11.0.13+0-b1751.21-8125866)
# Java VM: OpenJDK 64-Bit Server VM (11.0.13+0-b1751.21-8125866, mixed mode, tiered, compressed oops, g1 gc, windows-amd64)
Heap:
 garbage-first heap   total 260096K, used 127403K [0x0000000080000000, 0x0000000100000000)
  region size 1024K, 46 young (47104K), 16 survivors (16384K)
 Metaspace       used 100864K, capacity 103628K, committed 103760K, reserved 1138688K
  class space    used 12924K, capacity 13941K, committed 13952K, reserved 1048576K
GC Heap History (20 events):
Event: 2.282 GC heap before
{Heap before GC invocations=4 (full 0):
 garbage-first heap   total 260096K, used 69825K [0x0000000080000000, 0x0000000100000000)
  region size 1024K, 53 young (54272K), 3 survivors (3072K)
 Metaspace       used 35200K, capacity 35973K, committed 36048K, reserved 1081344K
  class space    used 4527K, capacity 4838K, committed 4864K, reserved 1048576K
}
Event: 2.289 GC heap after
{Heap after GC invocations=5 (full 0):
 garbage-first heap   total 260096K, used 22710K [0x0000000080000000, 0x0000000100000000)
  region size 1024K, 6 young (6144K), 6 survivors (6144K)
 Metaspace       used 35200K, capacity 35973K, committed 36048K, reserved 1081344K
  class space    used 4527K, capacity 4838K, committed 4864K, reserved 1048576K
}
Event: 3.164 GC heap before
{Heap before GC invocations=6 (full 0):
 garbage-first heap   total 260096K, used 140470K [0x0000000080000000, 0x0000000100000000)
  region size 1024K, 118 young (120832K), 6 survivors (6144K)
 Metaspace       used 44783K, capacity 45857K, committed 46032K, reserved 1089536K
  class space    used 5672K, capacity 6070K, committed 6144K, reserved 1048576K
}
Event: 3.171 GC heap after
{Heap after GC invocations=7 (full 0):
 garbage-first heap   total 260096K, used 29706K [0x0000000080000000, 0x0000000100000000)
  region size 1024K, 13 young (13312K), 13 survivors (13312K)
 Metaspace       used 44783K, capacity 45857K, committed 46032K, reserved 1089536K
  class space    used 5672K, capacity 6070K, committed 6144K, reserved 1048576K
}
Event: 4.547 GC heap before
{Heap before GC invocations=7 (full 0):
 garbage-first heap   total 260096K, used 164874K [0x0000000080000000, 0x0000000100000000)
  region size 1024K, 137 young (140288K), 13 survivors (13312K)
 Metaspace       used 52328K, capacity 53746K, committed 53968K, reserved 1095680K
  class space    used 6613K, capacity 7125K, committed 7168K, reserved 1048576K
}
Event: 4.557 GC heap after
{Heap after GC invocations=8 (full 0):
 garbage-first heap   total 260096K, used 48616K [0x0000000080000000, 0x0000000100000000)
  region size 1024K, 18 young (18432K), 18 survivors (18432K)
 Metaspace       used 52328K, capacity 53746K, committed 53968K, reserved 1095680K
  class space    used 6613K, capacity 7125K, committed 7168K, reserved 1048576K
}
Event: 4.996 GC heap before
{Heap before GC invocations=8 (full 0):
 garbage-first heap   total 260096K, used 94696K [0x0000000080000000, 0x0000000100000000)
  region size 1024K, 64 young (65536K), 18 survivors (18432K)
 Metaspace       used 59001K, capacity 60449K, committed 60496K, reserved 1101824K
  class space    used 7467K, capacity 8059K, committed 8064K, reserved 1048576K
}
Event: 5.011 GC heap after
{Heap after GC invocations=9 (full 0):
 garbage-first heap   total 260096K, used 51077K [0x0000000080000000, 0x0000000100000000)
  region size 1024K, 4 young (4096K), 4 survivors (4096K)
 Metaspace       used 59001K, capacity 60449K, committed 60496K, reserved 1101824K
  class space    used 7467K, capacity 8059K, committed 8064K, reserved 1048576K
}
Event: 6.029 GC heap before
{Heap before GC invocations=10 (full 0):
 garbage-first heap   total 260096K, used 186245K [0x0000000080000000, 0x0000000100000000)
  region size 1024K, 129 young (132096K), 4 survivors (4096K)
 Metaspace       used 67755K, capacity 69420K, committed 69584K, reserved 1110016K
  class space    used 8557K, capacity 9174K, committed 9216K, reserved 1048576K
}
Event: 6.048 GC heap after
{Heap after GC invocations=11 (full 0):
 garbage-first heap   total 260096K, used 59407K [0x0000000080000000, 0x0000000100000000)
  region size 1024K, 12 young (12288K), 12 survivors (12288K)
 Metaspace       used 67755K, capacity 69420K, committed 69584K, reserved 1110016K
  class space    used 8557K, capacity 9174K, committed 9216K, reserved 1048576K
}
Event: 7.346 GC heap before
{Heap before GC invocations=12 (full 0):
 garbage-first heap   total 260096K, used 185359K [0x0000000080000000, 0x0000000100000000)
  region size 1024K, 135 young (138240K), 12 survivors (12288K)
 Metaspace       used 78329K, capacity 80013K, committed 80208K, reserved 1118208K
  class space    used 10118K, capacity 10757K, committed 10880K, reserved 1048576K
}
Event: 7.356 GC heap after
{Heap after GC invocations=13 (full 0):
 garbage-first heap   total 260096K, used 67877K [0x0000000080000000, 0x0000000100000000)
  region size 1024K, 9 young (9216K), 9 survivors (9216K)
 Metaspace       used 78329K, capacity 80013K, committed 80208K, reserved 1118208K
  class space    used 10118K, capacity 10757K, committed 10880K, reserved 1048576K
}
Event: 8.803 GC heap before
{Heap before GC invocations=13 (full 0):
 garbage-first heap   total 260096K, used 191781K [0x0000000080000000, 0x0000000100000000)
  region size 1024K, 131 young (134144K), 9 survivors (9216K)
 Metaspace       used 86060K, capacity 88166K, committed 88400K, reserved 1126400K
  class space    used 11225K, capacity 12050K, committed 12160K, reserved 1048576K
}
Event: 8.824 GC heap after
{Heap after GC invocations=14 (full 0):
 garbage-first heap   total 260096K, used 76192K [0x0000000080000000, 0x0000000100000000)
  region size 1024K, 17 young (17408K), 17 survivors (17408K)
 Metaspace       used 86060K, capacity 88166K, committed 88400K, reserved 1126400K
  class space    used 11225K, capacity 12050K, committed 12160K, reserved 1048576K
}
Event: 9.729 GC heap before
{Heap before GC invocations=14 (full 0):
 garbage-first heap   total 260096K, used 196000K [0x0000000080000000, 0x0000000100000000)
  region size 1024K, 135 young (138240K), 17 survivors (17408K)
 Metaspace       used 89727K, capacity 91925K, committed 92112K, reserved 1128448K
  class space    used 11600K, capacity 12461K, committed 12544K, reserved 1048576K
}
Event: 9.744 GC heap after
{Heap after GC invocations=15 (full 0):
 garbage-first heap   total 260096K, used 83370K [0x0000000080000000, 0x0000000100000000)
  region size 1024K, 16 young (16384K), 16 survivors (16384K)
 Metaspace       used 89727K, capacity 91925K, committed 92112K, reserved 1128448K
  class space    used 11600K, capacity 12461K, committed 12544K, reserved 1048576K
}
Event: 11.769 GC heap before
{Heap before GC invocations=15 (full 0):
 garbage-first heap   total 260096K, used 201130K [0x0000000080000000, 0x0000000100000000)
  region size 1024K, 132 young (135168K), 16 survivors (16384K)
 Metaspace       used 94808K, capacity 97138K, committed 97360K, reserved 1134592K
  class space    used 12204K, capacity 13094K, committed 13184K, reserved 1048576K
}
Event: 11.780 GC heap after
{Heap after GC invocations=16 (full 0):
 garbage-first heap   total 260096K, used 90904K [0x0000000080000000, 0x0000000100000000)
  region size 1024K, 15 young (15360K), 15 survivors (15360K)
 Metaspace       used 94808K, capacity 97138K, committed 97360K, reserved 1134592K
  class space    used 12204K, capacity 13094K, committed 13184K, reserved 1048576K
}
Event: 74.416 GC heap before
{Heap before GC invocations=16 (full 0):
 garbage-first heap   total 260096K, used 203544K [0x0000000080000000, 0x0000000100000000)
  region size 1024K, 126 young (129024K), 15 survivors (15360K)
 Metaspace       used 100596K, capacity 103291K, committed 103504K, reserved 1138688K
  class space    used 12914K, capacity 13926K, committed 13952K, reserved 1048576K
}
Event: 74.430 GC heap after
{Heap after GC invocations=17 (full 0):
 garbage-first heap   total 260096K, used 98731K [0x0000000080000000, 0x0000000100000000)
  region size 1024K, 16 young (16384K), 16 survivors (16384K)
 Metaspace       used 100596K, capacity 103291K, committed 103504K, reserved 1138688K
  class space    used 12914K, capacity 13926K, committed 13952K, reserved 1048576K
}

