# JRE version: OpenJDK Runtime Environment (11.0.13) (build 11.0.13+0-b1751.21-8125866)
# Java VM: OpenJDK 64-Bit Server VM (11.0.13+0-b1751.21-8125866, mixed mode, tiered, compressed oops, g1 gc, windows-amd64)
Heap:
 garbage-first heap   total 619520K, used 211589K [0x0000000080000000, 0x0000000100000000)
  region size 1024K, 10 young (10240K), 10 survivors (10240K)
 Metaspace       used 121198K, capacity 124148K, committed 124680K, reserved 1157120K
  class space    used 15020K, capacity 16167K, committed 16512K, reserved 1048576K
GC Heap History (20 events):
Event: 24.106 GC heap after
{Heap after GC invocations=45 (full 0):
 garbage-first heap   total 378880K, used 172226K [0x0000000080000000, 0x0000000100000000)
  region size 1024K, 6 young (6144K), 6 survivors (6144K)
 Metaspace       used 120165K, capacity 123079K, committed 123912K, reserved 1157120K
  class space    used 14987K, capacity 16129K, committed 16512K, reserved 1048576K
}
Event: 24.347 GC heap before
{Heap before GC invocations=45 (full 0):
 garbage-first heap   total 378880K, used 305346K [0x0000000080000000, 0x0000000100000000)
  region size 1024K, 137 young (140288K), 6 survivors (6144K)
 Metaspace       used 120423K, capacity 123366K, committed 124168K, reserved 1157120K
  class space    used 14988K, capacity 16131K, committed 16512K, reserved 1048576K
}
Event: 24.352 GC heap after
{Heap after GC invocations=46 (full 0):
 garbage-first heap   total 378880K, used 172226K [0x0000000080000000, 0x0000000100000000)
  region size 1024K, 6 young (6144K), 6 survivors (6144K)
 Metaspace       used 120423K, capacity 123366K, committed 124168K, reserved 1157120K
  class space    used 14988K, capacity 16131K, committed 16512K, reserved 1048576K
}
Event: 24.538 GC heap before
{Heap before GC invocations=46 (full 0):
 garbage-first heap   total 378880K, used 308418K [0x0000000080000000, 0x0000000100000000)
  region size 1024K, 140 young (143360K), 6 survivors (6144K)
 Metaspace       used 120563K, capacity 123475K, committed 124168K, reserved 1157120K
  class space    used 14996K, capacity 16142K, committed 16512K, reserved 1048576K
}
Event: 24.548 GC heap after
{Heap after GC invocations=47 (full 0):
 garbage-first heap   total 378880K, used 174424K [0x0000000080000000, 0x0000000100000000)
  region size 1024K, 9 young (9216K), 9 survivors (9216K)
 Metaspace       used 120563K, capacity 123475K, committed 124168K, reserved 1157120K
  class space    used 14996K, capacity 16142K, committed 16512K, reserved 1048576K
}
Event: 24.766 GC heap before
{Heap before GC invocations=47 (full 0):
 garbage-first heap   total 378880K, used 310616K [0x0000000080000000, 0x0000000100000000)
  region size 1024K, 143 young (146432K), 9 survivors (9216K)
 Metaspace       used 120717K, capacity 123665K, committed 124424K, reserved 1157120K
  class space    used 15006K, capacity 16158K, committed 16512K, reserved 1048576K
}
Event: 24.774 GC heap after
{Heap after GC invocations=48 (full 0):
 garbage-first heap   total 378880K, used 172226K [0x0000000080000000, 0x0000000100000000)
  region size 1024K, 6 young (6144K), 6 survivors (6144K)
 Metaspace       used 120717K, capacity 123665K, committed 124424K, reserved 1157120K
  class space    used 15006K, capacity 16158K, committed 16512K, reserved 1048576K
}
Event: 24.961 GC heap before
{Heap before GC invocations=48 (full 0):
 garbage-first heap   total 378880K, used 315586K [0x0000000080000000, 0x0000000100000000)
  region size 1024K, 145 young (148480K), 6 survivors (6144K)
 Metaspace       used 120748K, capacity 123668K, committed 124424K, reserved 1157120K
  class space    used 15006K, capacity 16158K, committed 16512K, reserved 1048576K
}
Event: 24.967 GC heap after
{Heap after GC invocations=49 (full 0):
 garbage-first heap   total 378880K, used 177258K [0x0000000080000000, 0x0000000100000000)
  region size 1024K, 10 young (10240K), 10 survivors (10240K)
 Metaspace       used 120748K, capacity 123668K, committed 124424K, reserved 1157120K
  class space    used 15006K, capacity 16158K, committed 16512K, reserved 1048576K
}
Event: 25.131 GC heap before
{Heap before GC invocations=49 (full 0):
 garbage-first heap   total 378880K, used 316522K [0x0000000080000000, 0x0000000100000000)
  region size 1024K, 147 young (150528K), 10 survivors (10240K)
 Metaspace       used 120796K, capacity 123747K, committed 124424K, reserved 1157120K
  class space    used 15007K, capacity 16161K, committed 16512K, reserved 1048576K
}
Event: 25.145 GC heap after
{Heap after GC invocations=50 (full 0):
 garbage-first heap   total 378880K, used 183261K [0x0000000080000000, 0x0000000100000000)
  region size 1024K, 16 young (16384K), 16 survivors (16384K)
 Metaspace       used 120796K, capacity 123747K, committed 124424K, reserved 1157120K
  class space    used 15007K, capacity 16161K, committed 16512K, reserved 1048576K
}
Event: 25.317 GC heap before
{Heap before GC invocations=50 (full 0):
 garbage-first heap   total 378880K, used 318429K [0x0000000080000000, 0x0000000100000000)
  region size 1024K, 148 young (151552K), 16 survivors (16384K)
 Metaspace       used 120914K, capacity 123843K, committed 124424K, reserved 1157120K
  class space    used 15007K, capacity 16161K, committed 16512K, reserved 1048576K
}
Event: 25.333 GC heap after
{Heap after GC invocations=51 (full 0):
 garbage-first heap   total 455680K, used 189180K [0x0000000080000000, 0x0000000100000000)
  region size 1024K, 14 young (14336K), 14 survivors (14336K)
 Metaspace       used 120914K, capacity 123843K, committed 124424K, reserved 1157120K
  class space    used 15007K, capacity 16161K, committed 16512K, reserved 1048576K
}
Event: 25.625 GC heap before
{Heap before GC invocations=51 (full 0):
 garbage-first heap   total 455680K, used 362236K [0x0000000080000000, 0x0000000100000000)
  region size 1024K, 183 young (187392K), 14 survivors (14336K)
 Metaspace       used 120972K, capacity 123914K, committed 124424K, reserved 1157120K
  class space    used 15014K, capacity 16163K, committed 16512K, reserved 1048576K
}
Event: 25.640 GC heap after
{Heap after GC invocations=52 (full 0):
 garbage-first heap   total 455680K, used 193842K [0x0000000080000000, 0x0000000100000000)
  region size 1024K, 15 young (15360K), 15 survivors (15360K)
 Metaspace       used 120972K, capacity 123914K, committed 124424K, reserved 1157120K
  class space    used 15014K, capacity 16163K, committed 16512K, reserved 1048576K
}
Event: 25.911 GC heap before
{Heap before GC invocations=52 (full 0):
 garbage-first heap   total 455680K, used 381234K [0x0000000080000000, 0x0000000100000000)
  region size 1024K, 198 young (202752K), 15 survivors (15360K)
 Metaspace       used 121091K, capacity 124054K, committed 124680K, reserved 1157120K
  class space    used 15017K, capacity 16163K, committed 16512K, reserved 1048576K
}
Event: 25.924 GC heap after
{Heap after GC invocations=53 (full 0):
 garbage-first heap   total 455680K, used 202802K [0x0000000080000000, 0x0000000100000000)
  region size 1024K, 17 young (17408K), 17 survivors (17408K)
 Metaspace       used 121091K, capacity 124054K, committed 124680K, reserved 1157120K
  class space    used 15017K, capacity 16163K, committed 16512K, reserved 1048576K
}
Event: 26.114 GC heap before
{Heap before GC invocations=53 (full 0):
 garbage-first heap   total 455680K, used 379954K [0x0000000080000000, 0x0000000100000000)
  region size 1024K, 191 young (195584K), 17 survivors (17408K)
 Metaspace       used 121123K, capacity 124057K, committed 124680K, reserved 1157120K
  class space    used 15017K, capacity 16163K, committed 16512K, reserved 1048576K
}
Event: 26.132 GC heap after
{Heap after GC invocations=54 (full 0):
 garbage-first heap   total 455680K, used 209477K [0x0000000080000000, 0x0000000100000000)
  region size 1024K, 16 young (16384K), 16 survivors (16384K)
 Metaspace       used 121123K, capacity 124057K, committed 124680K, reserved 1157120K
  class space    used 15017K, capacity 16163K, committed 16512K, reserved 1048576K
}
Event: 26.370 GC heap before
{Heap before GC invocations=54 (full 0):
 garbage-first heap   total 455680K, used 381509K [0x0000000080000000, 0x0000000100000000)
  region size 1024K, 185 young (189440K), 16 survivors (16384K)
 Metaspace       used 121198K, capacity 124148K, committed 124680K, reserved 1157120K
  class space    used 15020K, capacity 16167K, committed 16512K, reserved 1048576K
}

